<?xml version="1.0" encoding="UTF-8"?>
<!-- Generated by org.testng.reporters.JUnitReportReporter -->
<testsuite hostname="DESKTOP-LRCIE6C" failures="0" tests="2" name="org.TestNgWorks.LaunchingTourisumSites" time="4.330" errors="0" timestamp="2024-11-13T08:43:41 IST" skipped="1">
  <testcase classname="org.TestNgWorks.LaunchingTourisumSites" name="maharashtra" time="4.330"/>
  <system-out>
    <![CDATA[Browser Launch
Browser maximised
Browser will wait
Navigate to Maharashtra Tourism]]>
  </system-out>
  <testcase classname="org.TestNgWorks.LaunchingTourisumSites" name="Karnataka">
    <skipped/>
  </testcase> <!-- Karnataka -->
  <system-out/>
</testsuite> <!-- org.TestNgWorks.LaunchingTourisumSites -->
