<?xml version="1.0" encoding="UTF-8"?>
<!-- Generated by org.testng.reporters.JUnitReportReporter -->
<testsuite hostname="DESKTOP-LRCIE6C" failures="0" tests="1" name="org.testScripts.ShahrukhKhan_Test" time="3.363" errors="0" timestamp="2024-11-13T13:53:18 IST" skipped="0">
  <testcase classname="org.testScripts.ShahrukhKhan_Test" name="launchVicky" time="3.363"/>
  <system-out/>
</testsuite> <!-- org.testScripts.ShahrukhKhan_Test -->
