<?xml version="1.0" encoding="UTF-8"?>
<!-- Generated by org.testng.reporters.JUnitReportReporter -->
<testsuite hostname="DESKTOP-LRCIE6C" failures="0" tests="3" name="org.TestNgWorks.TestngDemo" time="6.050" errors="0" timestamp="2024-11-13T13:53:18 IST" skipped="0">
  <testcase classname="org.TestNgWorks.TestngDemo" name="test2" time="0.000"/>
  <system-out/>
  <testcase classname="org.TestNgWorks.TestngDemo" name="launchGoogle" time="6.049"/>
  <system-out/>
  <testcase classname="org.TestNgWorks.TestngDemo" name="test1" time="0.001"/>
  <system-out/>
</testsuite> <!-- org.TestNgWorks.TestngDemo -->
