<?xml version="1.0" encoding="UTF-8"?>
<!-- Generated by org.testng.reporters.JUnitReportReporter -->
<testsuite hostname="DESKTOP-LRCIE6C" failures="0" tests="2" name="NewTest" time="0.005" errors="0" timestamp="2024-11-13T13:53:18 IST" skipped="0">
  <testcase classname="NewTest" name="f" time="0.003"/>
  <system-out/>
  <testcase classname="NewTest" name="f" time="0.002"/>
  <system-out/>
</testsuite> <!-- NewTest -->
