<?xml version="1.0" encoding="UTF-8"?>
<!-- Generated by org.testng.reporters.JUnitReportReporter -->
<testsuite hostname="DESKTOP-LRCIE6C" failures="0" tests="1" name="org.testScripts.Adidas_Test" time="3.005" errors="0" timestamp="2024-11-13T13:53:18 IST" skipped="0">
  <testcase classname="org.testScripts.Adidas_Test" name="launchadidas" time="3.005"/>
  <system-out>
    <![CDATA[Adidas is lauched]]>
  </system-out>
</testsuite> <!-- org.testScripts.Adidas_Test -->
