<?xml version="1.0" encoding="UTF-8"?>
<!-- Generated by org.testng.reporters.JUnitReportReporter -->
<testsuite hostname="DESKTOP-LRCIE6C" failures="0" tests="5" name="org.TestNgWorks.LaunchingCricBuzz" time="32.600" errors="0" timestamp="2024-11-13T08:43:41 IST" skipped="0">
  <testcase classname="org.TestNgWorks.LaunchingCricBuzz" name="launApplication" time="6.469"/>
  <system-out>
    <![CDATA[Browser is launched
Window is Maximized
Navigate to CricBuzz application
Browser is Closed]]>
  </system-out>
  <testcase classname="org.TestNgWorks.LaunchingCricBuzz" name="launApplication" time="6.769"/>
  <system-out>
    <![CDATA[Browser is launched
Window is Maximized
Navigate to CricBuzz application
Browser is Closed]]>
  </system-out>
  <testcase classname="org.TestNgWorks.LaunchingCricBuzz" name="launApplication" time="6.780"/>
  <system-out>
    <![CDATA[Browser is launched
Window is Maximized
Navigate to CricBuzz application
Browser is Closed]]>
  </system-out>
  <testcase classname="org.TestNgWorks.LaunchingCricBuzz" name="launApplication" time="6.691"/>
  <system-out>
    <![CDATA[Browser is launched
Window is Maximized
Navigate to CricBuzz application
Browser is Closed]]>
  </system-out>
  <testcase classname="org.TestNgWorks.LaunchingCricBuzz" name="launApplication" time="5.891"/>
  <system-out>
    <![CDATA[Browser is launched
Window is Maximized
Navigate to CricBuzz application
Browser is Closed]]>
  </system-out>
</testsuite> <!-- org.TestNgWorks.LaunchingCricBuzz -->
