<?xml version="1.0" encoding="UTF-8"?>
<!-- Generated by org.testng.reporters.JUnitReportReporter -->
<testsuite hostname="DESKTOP-LRCIE6C" failures="0" tests="1" name="org.batchExecutionClasses.One8" time="13.024" errors="0" timestamp="2024-10-21T13:35:57 IST" skipped="0">
  <testcase classname="org.batchExecutionClasses.One8" name="launOne8" time="13.024"/>
  <system-out>
    <![CDATA[One8 is lauched]]>
  </system-out>
</testsuite> <!-- org.batchExecutionClasses.One8 -->
