<?xml version="1.0" encoding="UTF-8"?>
<!-- Generated by org.testng.reporters.JUnitReportReporter -->
<testsuite hostname="DESKTOP-LRCIE6C" failures="0" tests="3" name="org.TestNgWorks.TestngDemo" time="9.127" errors="0" timestamp="2024-10-17T13:10:06 IST" skipped="0">
  <testcase classname="org.TestNgWorks.TestngDemo" name="test2" time="0.004"/>
  <system-out/>
  <testcase classname="org.TestNgWorks.TestngDemo" name="launchGoogle" time="9.122"/>
  <system-out/>
  <testcase classname="org.TestNgWorks.TestngDemo" name="test1" time="0.001"/>
  <system-out/>
</testsuite> <!-- org.TestNgWorks.TestngDemo -->
