<?xml version="1.0" encoding="UTF-8"?>
<!-- Generated by org.testng.reporters.JUnitReportReporter -->
<testsuite hostname="DESKTOP-LRCIE6C" failures="0" tests="2" name="NewTest" time="0.022" errors="0" timestamp="2024-10-10T16:43:30 IST" skipped="0">
  <testcase classname="NewTest" name="f" time="0.018"/>
  <system-out/>
  <testcase classname="NewTest" name="f" time="0.004"/>
  <system-out/>
</testsuite> <!-- NewTest -->
