<?xml version="1.0" encoding="UTF-8"?>
<!-- Generated by org.testng.reporters.JUnitReportReporter -->
<testsuite hostname="DESKTOP-LRCIE6C" failures="0" tests="1" name="Day1.TestngDemo" time="18.259" errors="0" timestamp="2024-10-16T13:36:53 IST" skipped="0">
  <testcase classname="Day1.TestngDemo" name="launchGoogle" time="18.259"/>
  <system-out/>
</testsuite> <!-- Day1.TestngDemo -->
