<?xml version="1.0" encoding="UTF-8"?>
<!-- Generated by org.testng.reporters.JUnitReportReporter -->
<testsuite hostname="DESKTOP-LRCIE6C" failures="0" tests="5" name="org.TestNgWorks.LaunchingCricBuzz" time="46.587" errors="0" timestamp="2024-11-12T20:30:37 IST" skipped="0">
  <testcase classname="org.TestNgWorks.LaunchingCricBuzz" name="launApplication" time="9.799"/>
  <system-out>
    <![CDATA[Browser is launched
Window is Maximized
Navigate to CricBuzz application
Browser is Closed]]>
  </system-out>
  <testcase classname="org.TestNgWorks.LaunchingCricBuzz" name="launApplication" time="10.632"/>
  <system-out>
    <![CDATA[Browser is launched
Window is Maximized
Navigate to CricBuzz application
Browser is Closed]]>
  </system-out>
  <testcase classname="org.TestNgWorks.LaunchingCricBuzz" name="launApplication" time="7.439"/>
  <system-out>
    <![CDATA[Browser is launched
Window is Maximized
Navigate to CricBuzz application
Browser is Closed]]>
  </system-out>
  <testcase classname="org.TestNgWorks.LaunchingCricBuzz" name="launApplication" time="10.280"/>
  <system-out>
    <![CDATA[Browser is launched
Window is Maximized
Navigate to CricBuzz application
Browser is Closed]]>
  </system-out>
  <testcase classname="org.TestNgWorks.LaunchingCricBuzz" name="launApplication" time="8.437"/>
  <system-out>
    <![CDATA[Browser is launched
Window is Maximized
Navigate to CricBuzz application
Browser is Closed]]>
  </system-out>
</testsuite> <!-- org.TestNgWorks.LaunchingCricBuzz -->
