<?xml version="1.0" encoding="UTF-8"?>
<!-- Generated by org.testng.reporters.JUnitReportReporter -->
<testsuite hostname="DESKTOP-LRCIE6C" failures="0" tests="1" name="org.batchExecutionClasses.BMW" time="8.461" errors="0" timestamp="2024-10-21T13:35:57 IST" skipped="0">
  <testcase classname="org.batchExecutionClasses.BMW" name="launOne8" time="8.461"/>
  <system-out>
    <![CDATA[BMW is lauched]]>
  </system-out>
</testsuite> <!-- org.batchExecutionClasses.BMW -->
